Started GET "/" for 127.0.0.1 at 2018-09-02 01:50:09 +0900
Processing by MessagesController#index as HTML
  Rendering messages/index.html.haml within layouts/application
  Rendered messages/index.html.haml within layouts/application (12.6ms)
Completed 200 OK in 407ms (Views: 396.7ms | ActiveRecord: 0.0ms)


Started GET "/" for 127.0.0.1 at 2018-09-02 01:57:55 +0900
Processing by MessagesController#index as HTML
  Rendering messages/index.html.haml within layouts/application
  Rendered messages/index.html.haml within layouts/application (9.2ms)
Completed 200 OK in 342ms (Views: 333.7ms | ActiveRecord: 0.0ms)


Started GET "/" for 127.0.0.1 at 2018-09-02 01:57:58 +0900
Processing by MessagesController#index as HTML
  Rendering messages/index.html.haml within layouts/application
  Rendered messages/index.html.haml within layouts/application (2.1ms)
Completed 200 OK in 21ms (Views: 18.2ms | ActiveRecord: 0.0ms)


Started GET "/" for 127.0.0.1 at 2018-09-02 01:58:19 +0900
Processing by MessagesController#index as HTML
  Rendering messages/index.html.haml within layouts/application
  Rendered messages/index.html.haml within layouts/application (19.2ms)
Completed 200 OK in 69ms (Views: 67.0ms | ActiveRecord: 0.0ms)


Started GET "/" for 127.0.0.1 at 2018-09-02 01:58:33 +0900
Processing by MessagesController#index as HTML
  Rendering messages/index.html.haml within layouts/application
  Rendered messages/index.html.haml within layouts/application (3.9ms)
Completed 200 OK in 63ms (Views: 61.0ms | ActiveRecord: 0.0ms)


Started GET "/" for 127.0.0.1 at 2018-09-02 02:00:17 +0900
Processing by MessagesController#index as HTML
  Rendering messages/index.html.haml within layouts/application
  Rendered messages/index.html.haml within layouts/application (4.0ms)
Completed 200 OK in 67ms (Views: 64.4ms | ActiveRecord: 0.0ms)


Started GET "/" for 127.0.0.1 at 2018-09-02 02:00:19 +0900
Processing by MessagesController#index as HTML
  Rendering messages/index.html.haml within layouts/application
  Rendered messages/index.html.haml within layouts/application (5.2ms)
Completed 200 OK in 24ms (Views: 21.6ms | ActiveRecord: 0.0ms)


Started GET "/" for 127.0.0.1 at 2018-09-02 02:00:36 +0900
Processing by MessagesController#index as HTML
  Rendering messages/index.html.haml within layouts/application
  Rendered messages/index.html.haml within layouts/application (2.6ms)
Completed 200 OK in 26ms (Views: 23.6ms | ActiveRecord: 0.0ms)


Started GET "/" for 127.0.0.1 at 2018-09-02 02:01:37 +0900
Processing by MessagesController#index as HTML
  Rendering messages/index.html.haml within layouts/application
  Rendered messages/index.html.haml within layouts/application (2.1ms)
Completed 200 OK in 46ms (Views: 44.1ms | ActiveRecord: 0.0ms)


Started GET "/" for 127.0.0.1 at 2018-09-02 02:01:49 +0900
Processing by MessagesController#index as HTML
  Rendering messages/index.html.haml within layouts/application
  Rendered messages/index.html.haml within layouts/application (2.4ms)
Completed 200 OK in 49ms (Views: 47.2ms | ActiveRecord: 0.0ms)


Started GET "/" for 127.0.0.1 at 2018-09-02 02:02:34 +0900
Processing by MessagesController#index as HTML
  Rendering messages/index.html.haml within layouts/application
  Rendered messages/index.html.haml within layouts/application (2.4ms)
Completed 200 OK in 52ms (Views: 49.7ms | ActiveRecord: 0.0ms)


Started GET "/" for 127.0.0.1 at 2018-09-02 02:02:42 +0900
Processing by MessagesController#index as HTML
  Rendering messages/index.html.haml within layouts/application
  Rendered messages/index.html.haml within layouts/application (2.4ms)
Completed 200 OK in 55ms (Views: 52.9ms | ActiveRecord: 0.0ms)


Started GET "/" for 127.0.0.1 at 2018-09-02 02:03:04 +0900
Processing by MessagesController#index as HTML
  Rendering messages/index.html.haml within layouts/application
  Rendered messages/index.html.haml within layouts/application (2.5ms)
Completed 200 OK in 48ms (Views: 46.0ms | ActiveRecord: 0.0ms)


Started GET "/" for 127.0.0.1 at 2018-09-02 02:03:24 +0900
Processing by MessagesController#index as HTML
  Rendering messages/index.html.haml within layouts/application
  Rendered messages/index.html.haml within layouts/application (2.0ms)
Completed 200 OK in 47ms (Views: 45.5ms | ActiveRecord: 0.0ms)


Started GET "/" for 127.0.0.1 at 2018-09-02 02:03:45 +0900
Processing by MessagesController#index as HTML
  Rendering messages/index.html.haml within layouts/application
  Rendered messages/index.html.haml within layouts/application (2.3ms)
Completed 200 OK in 49ms (Views: 47.0ms | ActiveRecord: 0.0ms)


Started GET "/" for 127.0.0.1 at 2018-09-02 02:03:53 +0900
Processing by MessagesController#index as HTML
  Rendering messages/index.html.haml within layouts/application
  Rendered messages/index.html.haml within layouts/application (2.2ms)
Completed 200 OK in 46ms (Views: 44.4ms | ActiveRecord: 0.0ms)


Started GET "/" for 127.0.0.1 at 2018-09-02 02:04:29 +0900
Processing by MessagesController#index as HTML
  Rendering messages/index.html.haml within layouts/application
  Rendered messages/index.html.haml within layouts/application (2.3ms)
Completed 200 OK in 53ms (Views: 45.9ms | ActiveRecord: 0.0ms)


Started GET "/" for 127.0.0.1 at 2018-09-02 02:04:46 +0900
Processing by MessagesController#index as HTML
  Rendering messages/index.html.haml within layouts/application
  Rendered messages/index.html.haml within layouts/application (2.3ms)
Completed 200 OK in 47ms (Views: 45.4ms | ActiveRecord: 0.0ms)


Started GET "/" for 127.0.0.1 at 2018-09-02 02:06:09 +0900
Processing by MessagesController#index as HTML
  Rendering messages/index.html.haml within layouts/application
  Rendered messages/index.html.haml within layouts/application (2.8ms)
Completed 200 OK in 47ms (Views: 44.8ms | ActiveRecord: 0.0ms)


Started GET "/" for 127.0.0.1 at 2018-09-02 02:06:25 +0900
Processing by MessagesController#index as HTML
  Rendering messages/index.html.haml within layouts/application
  Rendered messages/index.html.haml within layouts/application (2.3ms)
Completed 200 OK in 55ms (Views: 53.4ms | ActiveRecord: 0.0ms)


Started GET "/" for 127.0.0.1 at 2018-09-02 02:06:51 +0900
Processing by MessagesController#index as HTML
  Rendering messages/index.html.haml within layouts/application
  Rendered messages/index.html.haml within layouts/application (1.9ms)
Completed 200 OK in 53ms (Views: 51.2ms | ActiveRecord: 0.0ms)


Started GET "/" for 127.0.0.1 at 2018-09-02 02:06:59 +0900
Processing by MessagesController#index as HTML
  Rendering messages/index.html.haml within layouts/application
  Rendered messages/index.html.haml within layouts/application (2.5ms)
Completed 200 OK in 45ms (Views: 43.5ms | ActiveRecord: 0.0ms)


Started GET "/" for 127.0.0.1 at 2018-09-02 02:07:21 +0900
Processing by MessagesController#index as HTML
  Rendering messages/index.html.haml within layouts/application
  Rendered messages/index.html.haml within layouts/application (2.5ms)
Completed 200 OK in 23ms (Views: 21.3ms | ActiveRecord: 0.0ms)


Started GET "/" for 127.0.0.1 at 2018-09-02 02:07:30 +0900
Processing by MessagesController#index as HTML
  Rendering messages/index.html.haml within layouts/application
  Rendered messages/index.html.haml within layouts/application (2.3ms)
Completed 200 OK in 50ms (Views: 48.0ms | ActiveRecord: 0.0ms)


Started GET "/" for 127.0.0.1 at 2018-09-02 02:07:39 +0900
Processing by MessagesController#index as HTML
  Rendering messages/index.html.haml within layouts/application
  Rendered messages/index.html.haml within layouts/application (2.4ms)
Completed 200 OK in 49ms (Views: 46.7ms | ActiveRecord: 0.0ms)


Started GET "/" for 127.0.0.1 at 2018-09-02 02:07:57 +0900
Processing by MessagesController#index as HTML
  Rendering messages/index.html.haml within layouts/application
  Rendered messages/index.html.haml within layouts/application (6.8ms)
Completed 200 OK in 26ms (Views: 23.8ms | ActiveRecord: 0.0ms)


Started GET "/" for 127.0.0.1 at 2018-09-02 02:08:10 +0900
Processing by MessagesController#index as HTML
  Rendering messages/index.html.haml within layouts/application
  Rendered messages/index.html.haml within layouts/application (2.3ms)
Completed 200 OK in 52ms (Views: 49.7ms | ActiveRecord: 0.0ms)


Started GET "/" for 127.0.0.1 at 2018-09-02 02:08:20 +0900
Processing by MessagesController#index as HTML
  Rendering messages/index.html.haml within layouts/application
  Rendered messages/index.html.haml within layouts/application (2.3ms)
Completed 200 OK in 48ms (Views: 46.1ms | ActiveRecord: 0.0ms)


Started GET "/" for 127.0.0.1 at 2018-09-02 02:08:35 +0900
Processing by MessagesController#index as HTML
  Rendering messages/index.html.haml within layouts/application
  Rendered messages/index.html.haml within layouts/application (2.3ms)
Completed 200 OK in 48ms (Views: 46.4ms | ActiveRecord: 0.0ms)


Started GET "/" for 127.0.0.1 at 2018-09-02 02:09:03 +0900
Processing by MessagesController#index as HTML
  Rendering messages/index.html.haml within layouts/application
  Rendered messages/index.html.haml within layouts/application (4.2ms)
Completed 200 OK in 57ms (Views: 54.8ms | ActiveRecord: 0.0ms)


Started GET "/" for 127.0.0.1 at 2018-09-02 02:09:21 +0900
Processing by MessagesController#index as HTML
  Rendering messages/index.html.haml within layouts/application
  Rendered messages/index.html.haml within layouts/application (2.3ms)
Completed 200 OK in 48ms (Views: 45.8ms | ActiveRecord: 0.0ms)


Started GET "/" for 127.0.0.1 at 2018-09-02 02:09:22 +0900
Processing by MessagesController#index as HTML
  Rendering messages/index.html.haml within layouts/application
  Rendered messages/index.html.haml within layouts/application (2.7ms)
Completed 200 OK in 21ms (Views: 19.2ms | ActiveRecord: 0.0ms)


Started GET "/" for 127.0.0.1 at 2018-09-02 02:09:31 +0900
Processing by MessagesController#index as HTML
  Rendering messages/index.html.haml within layouts/application
  Rendered messages/index.html.haml within layouts/application (2.8ms)
Completed 200 OK in 59ms (Views: 57.3ms | ActiveRecord: 0.0ms)


Started GET "/" for 127.0.0.1 at 2018-09-02 02:11:40 +0900
Processing by MessagesController#index as HTML
  Rendering messages/index.html.haml within layouts/application
  Rendered messages/index.html.haml within layouts/application (2.5ms)
Completed 200 OK in 50ms (Views: 47.0ms | ActiveRecord: 0.0ms)


Started GET "/" for 127.0.0.1 at 2018-09-02 02:11:54 +0900
Processing by MessagesController#index as HTML
  Rendering messages/index.html.haml within layouts/application
  Rendered messages/index.html.haml within layouts/application (2.5ms)
Completed 200 OK in 66ms (Views: 63.4ms | ActiveRecord: 0.0ms)


Started GET "/" for 127.0.0.1 at 2018-09-02 02:12:08 +0900
Processing by MessagesController#index as HTML
  Rendering messages/index.html.haml within layouts/application
  Rendered messages/index.html.haml within layouts/application (2.5ms)
Completed 200 OK in 22ms (Views: 20.6ms | ActiveRecord: 0.0ms)


Started GET "/" for 127.0.0.1 at 2018-09-02 02:12:18 +0900
Processing by MessagesController#index as HTML
  Rendering messages/index.html.haml within layouts/application
  Rendered messages/index.html.haml within layouts/application (3.0ms)
Completed 200 OK in 47ms (Views: 45.4ms | ActiveRecord: 0.0ms)


Started GET "/" for 127.0.0.1 at 2018-09-02 02:12:45 +0900
Processing by MessagesController#index as HTML
  Rendering messages/index.html.haml within layouts/application
  Rendered messages/index.html.haml within layouts/application (2.2ms)
Completed 200 OK in 48ms (Views: 46.4ms | ActiveRecord: 0.0ms)


Started GET "/" for 127.0.0.1 at 2018-09-02 02:12:53 +0900
Processing by MessagesController#index as HTML
  Rendering messages/index.html.haml within layouts/application
  Rendered messages/index.html.haml within layouts/application (2.2ms)
Completed 200 OK in 54ms (Views: 50.7ms | ActiveRecord: 0.0ms)


Started GET "/" for 127.0.0.1 at 2018-09-02 02:12:54 +0900
Processing by MessagesController#index as HTML
  Rendering messages/index.html.haml within layouts/application
  Rendered messages/index.html.haml within layouts/application (4.2ms)
Completed 200 OK in 34ms (Views: 31.7ms | ActiveRecord: 0.0ms)


Started GET "/" for 127.0.0.1 at 2018-09-02 02:13:02 +0900
Processing by MessagesController#index as HTML
  Rendering messages/index.html.haml within layouts/application
  Rendered messages/index.html.haml within layouts/application (2.6ms)
Completed 200 OK in 51ms (Views: 49.2ms | ActiveRecord: 0.0ms)


Started GET "/" for 127.0.0.1 at 2018-09-02 02:13:08 +0900
Processing by MessagesController#index as HTML
  Rendering messages/index.html.haml within layouts/application
  Rendered messages/index.html.haml within layouts/application (2.2ms)
Completed 200 OK in 52ms (Views: 50.3ms | ActiveRecord: 0.0ms)


Started GET "/" for 127.0.0.1 at 2018-09-02 02:13:15 +0900
Processing by MessagesController#index as HTML
  Rendering messages/index.html.haml within layouts/application
  Rendered messages/index.html.haml within layouts/application (3.8ms)
Completed 200 OK in 47ms (Views: 45.0ms | ActiveRecord: 0.0ms)


Started GET "/" for 127.0.0.1 at 2018-09-02 02:13:43 +0900
Processing by MessagesController#index as HTML
  Rendering messages/index.html.haml within layouts/application
  Rendered messages/index.html.haml within layouts/application (2.1ms)
Completed 200 OK in 55ms (Views: 52.9ms | ActiveRecord: 0.0ms)


Started GET "/" for 127.0.0.1 at 2018-09-02 02:13:55 +0900
Processing by MessagesController#index as HTML
  Rendering messages/index.html.haml within layouts/application
  Rendered messages/index.html.haml within layouts/application (8.0ms)
Completed 200 OK in 53ms (Views: 51.6ms | ActiveRecord: 0.0ms)


Started GET "/" for 127.0.0.1 at 2018-09-02 02:14:08 +0900
Processing by MessagesController#index as HTML
  Rendering messages/index.html.haml within layouts/application
  Rendered messages/index.html.haml within layouts/application (3.7ms)
Completed 200 OK in 48ms (Views: 46.3ms | ActiveRecord: 0.0ms)


Started GET "/" for 127.0.0.1 at 2018-09-02 02:14:20 +0900
Processing by MessagesController#index as HTML
  Rendering messages/index.html.haml within layouts/application
  Rendered messages/index.html.haml within layouts/application (3.6ms)
Completed 500 Internal Server Error in 29ms (ActiveRecord: 0.0ms)


  
ActionView::Template::Error (Invalid CSS after "        margin:top": expected ";", was ":5px;"):
    4:     %meta{:content => "text/html; charset=UTF-8", "http-equiv" => "Content-Type"}/
    5:     %title ChatSpace
    6:     = csrf_meta_tags
    7:     = stylesheet_link_tag    'application', media: 'all', 'data-turbolinks-track': 'reload'
    8:     = javascript_include_tag 'application', 'data-turbolinks-track': 'reload'
    9:   %body
   10:     = yield
  
app/assets/stylesheets/style.scss:28
app/assets/stylesheets/application.scss:2
app/views/layouts/application.html.haml:7:in `_app_views_layouts_application_html_haml__244464955880674312_70365348489340'
  Rendering /Users/hayasakatakahiro/.rbenv/versions/2.3.1/lib/ruby/gems/2.3.0/gems/actionpack-5.0.7/lib/action_dispatch/middleware/templates/rescues/template_error.html.erb within rescues/layout
  Rendering /Users/hayasakatakahiro/.rbenv/versions/2.3.1/lib/ruby/gems/2.3.0/gems/actionpack-5.0.7/lib/action_dispatch/middleware/templates/rescues/_source.html.erb
  Rendered /Users/hayasakatakahiro/.rbenv/versions/2.3.1/lib/ruby/gems/2.3.0/gems/actionpack-5.0.7/lib/action_dispatch/middleware/templates/rescues/_source.html.erb (5.3ms)
  Rendering /Users/hayasakatakahiro/.rbenv/versions/2.3.1/lib/ruby/gems/2.3.0/gems/actionpack-5.0.7/lib/action_dispatch/middleware/templates/rescues/_trace.html.erb
  Rendered /Users/hayasakatakahiro/.rbenv/versions/2.3.1/lib/ruby/gems/2.3.0/gems/actionpack-5.0.7/lib/action_dispatch/middleware/templates/rescues/_trace.html.erb (2.3ms)
  Rendering /Users/hayasakatakahiro/.rbenv/versions/2.3.1/lib/ruby/gems/2.3.0/gems/actionpack-5.0.7/lib/action_dispatch/middleware/templates/rescues/_request_and_response.html.erb
  Rendered /Users/hayasakatakahiro/.rbenv/versions/2.3.1/lib/ruby/gems/2.3.0/gems/actionpack-5.0.7/lib/action_dispatch/middleware/templates/rescues/_request_and_response.html.erb (0.8ms)
  Rendered /Users/hayasakatakahiro/.rbenv/versions/2.3.1/lib/ruby/gems/2.3.0/gems/actionpack-5.0.7/lib/action_dispatch/middleware/templates/rescues/template_error.html.erb within rescues/layout (123.7ms)
Started GET "/" for 127.0.0.1 at 2018-09-02 02:14:27 +0900
Processing by MessagesController#index as HTML
  Rendering messages/index.html.haml within layouts/application
  Rendered messages/index.html.haml within layouts/application (2.1ms)
Completed 200 OK in 47ms (Views: 44.9ms | ActiveRecord: 0.0ms)


Started GET "/" for 127.0.0.1 at 2018-09-02 02:14:36 +0900
Processing by MessagesController#index as HTML
  Rendering messages/index.html.haml within layouts/application
  Rendered messages/index.html.haml within layouts/application (2.3ms)
Completed 200 OK in 51ms (Views: 49.2ms | ActiveRecord: 0.0ms)


Started GET "/" for 127.0.0.1 at 2018-09-02 02:15:19 +0900
Processing by MessagesController#index as HTML
  Rendering messages/index.html.haml within layouts/application
  Rendered messages/index.html.haml within layouts/application (2.3ms)
Completed 200 OK in 53ms (Views: 51.6ms | ActiveRecord: 0.0ms)


Started GET "/" for 127.0.0.1 at 2018-09-02 02:22:19 +0900
Processing by MessagesController#index as HTML
  Rendering messages/index.html.haml within layouts/application
  Rendered messages/index.html.haml within layouts/application (2.5ms)
Completed 200 OK in 51ms (Views: 47.8ms | ActiveRecord: 0.0ms)


Started GET "/" for 127.0.0.1 at 2018-09-02 02:22:48 +0900
Processing by MessagesController#index as HTML
  Rendering messages/index.html.haml within layouts/application
  Rendered messages/index.html.haml within layouts/application (2.3ms)
Completed 200 OK in 51ms (Views: 49.2ms | ActiveRecord: 0.0ms)


Started GET "/" for 127.0.0.1 at 2018-09-02 02:23:04 +0900
Processing by MessagesController#index as HTML
  Rendering messages/index.html.haml within layouts/application
  Rendered messages/index.html.haml within layouts/application (2.3ms)
Completed 200 OK in 49ms (Views: 46.0ms | ActiveRecord: 0.0ms)


Started GET "/" for 127.0.0.1 at 2018-09-02 02:23:24 +0900
Processing by MessagesController#index as HTML
  Rendering messages/index.html.haml within layouts/application
  Rendered messages/index.html.haml within layouts/application (9.3ms)
Completed 500 Internal Server Error in 35ms (ActiveRecord: 0.0ms)


  
ActionView::Template::Error (Invalid CSS after "...    background:": expected expression (e.g. 1px, bold), was ";"):
    4:     %meta{:content => "text/html; charset=UTF-8", "http-equiv" => "Content-Type"}/
    5:     %title ChatSpace
    6:     = csrf_meta_tags
    7:     = stylesheet_link_tag    'application', media: 'all', 'data-turbolinks-track': 'reload'
    8:     = javascript_include_tag 'application', 'data-turbolinks-track': 'reload'
    9:   %body
   10:     = yield
  
app/assets/stylesheets/style.scss:27
app/assets/stylesheets/application.scss:2
app/views/layouts/application.html.haml:7:in `_app_views_layouts_application_html_haml__244464955880674312_70365323388600'
  Rendering /Users/hayasakatakahiro/.rbenv/versions/2.3.1/lib/ruby/gems/2.3.0/gems/actionpack-5.0.7/lib/action_dispatch/middleware/templates/rescues/template_error.html.erb within rescues/layout
  Rendering /Users/hayasakatakahiro/.rbenv/versions/2.3.1/lib/ruby/gems/2.3.0/gems/actionpack-5.0.7/lib/action_dispatch/middleware/templates/rescues/_source.html.erb
  Rendered /Users/hayasakatakahiro/.rbenv/versions/2.3.1/lib/ruby/gems/2.3.0/gems/actionpack-5.0.7/lib/action_dispatch/middleware/templates/rescues/_source.html.erb (6.6ms)
  Rendering /Users/hayasakatakahiro/.rbenv/versions/2.3.1/lib/ruby/gems/2.3.0/gems/actionpack-5.0.7/lib/action_dispatch/middleware/templates/rescues/_trace.html.erb
  Rendered /Users/hayasakatakahiro/.rbenv/versions/2.3.1/lib/ruby/gems/2.3.0/gems/actionpack-5.0.7/lib/action_dispatch/middleware/templates/rescues/_trace.html.erb (2.2ms)
  Rendering /Users/hayasakatakahiro/.rbenv/versions/2.3.1/lib/ruby/gems/2.3.0/gems/actionpack-5.0.7/lib/action_dispatch/middleware/templates/rescues/_request_and_response.html.erb
  Rendered /Users/hayasakatakahiro/.rbenv/versions/2.3.1/lib/ruby/gems/2.3.0/gems/actionpack-5.0.7/lib/action_dispatch/middleware/templates/rescues/_request_and_response.html.erb (0.7ms)
  Rendered /Users/hayasakatakahiro/.rbenv/versions/2.3.1/lib/ruby/gems/2.3.0/gems/actionpack-5.0.7/lib/action_dispatch/middleware/templates/rescues/template_error.html.erb within rescues/layout (116.3ms)
Started GET "/" for 127.0.0.1 at 2018-09-02 02:23:37 +0900
Processing by MessagesController#index as HTML
  Rendering messages/index.html.haml within layouts/application
  Rendered messages/index.html.haml within layouts/application (3.6ms)
Completed 200 OK in 21ms (Views: 19.4ms | ActiveRecord: 0.0ms)


Started GET "/" for 127.0.0.1 at 2018-09-02 02:23:59 +0900
Processing by MessagesController#index as HTML
  Rendering messages/index.html.haml within layouts/application
  Rendered messages/index.html.haml within layouts/application (2.4ms)
Completed 200 OK in 56ms (Views: 54.3ms | ActiveRecord: 0.0ms)


Started GET "/" for 127.0.0.1 at 2018-09-02 02:24:28 +0900
Processing by MessagesController#index as HTML
  Rendering messages/index.html.haml within layouts/application
  Rendered messages/index.html.haml within layouts/application (4.2ms)
Completed 200 OK in 23ms (Views: 21.3ms | ActiveRecord: 0.0ms)


Started GET "/" for 127.0.0.1 at 2018-09-02 02:24:29 +0900
Processing by MessagesController#index as HTML
  Rendering messages/index.html.haml within layouts/application
  Rendered messages/index.html.haml within layouts/application (2.5ms)
Completed 200 OK in 21ms (Views: 19.1ms | ActiveRecord: 0.0ms)


Started GET "/" for 127.0.0.1 at 2018-09-02 02:24:43 +0900
Processing by MessagesController#index as HTML
  Rendering messages/index.html.haml within layouts/application
  Rendered messages/index.html.haml within layouts/application (9.4ms)
Completed 200 OK in 214ms (Views: 205.1ms | ActiveRecord: 0.0ms)


Started GET "/" for 127.0.0.1 at 2018-09-02 02:25:15 +0900
Processing by MessagesController#index as HTML
  Rendering messages/index.html.haml within layouts/application
  Rendered messages/index.html.haml within layouts/application (2.8ms)
Completed 200 OK in 50ms (Views: 48.3ms | ActiveRecord: 0.0ms)


Started GET "/" for 127.0.0.1 at 2018-09-02 02:25:37 +0900
Processing by MessagesController#index as HTML
  Rendering messages/index.html.haml within layouts/application
  Rendered messages/index.html.haml within layouts/application (2.3ms)
Completed 200 OK in 20ms (Views: 17.7ms | ActiveRecord: 0.0ms)


Started GET "/" for 127.0.0.1 at 2018-09-02 02:25:45 +0900
Processing by MessagesController#index as HTML
  Rendering messages/index.html.haml within layouts/application
  Rendered messages/index.html.haml within layouts/application (5.1ms)
Completed 500 Internal Server Error in 13ms (ActiveRecord: 0.0ms)


  
ActionView::Template::Error (The line was indented 2 levels deeper than the previous line.):
    5:   %div.pagebody.crearfix
    6:     %div.pagebody__left
    7:       %div.pagebody__main
    8:           %div.pagefooter
    9:             %div.pagefooter_bar
  
app/views/messages/index.html.haml:8
  Rendering /Users/hayasakatakahiro/.rbenv/versions/2.3.1/lib/ruby/gems/2.3.0/gems/actionpack-5.0.7/lib/action_dispatch/middleware/templates/rescues/template_error.html.erb within rescues/layout
  Rendering /Users/hayasakatakahiro/.rbenv/versions/2.3.1/lib/ruby/gems/2.3.0/gems/actionpack-5.0.7/lib/action_dispatch/middleware/templates/rescues/_source.html.erb
  Rendered /Users/hayasakatakahiro/.rbenv/versions/2.3.1/lib/ruby/gems/2.3.0/gems/actionpack-5.0.7/lib/action_dispatch/middleware/templates/rescues/_source.html.erb (3.6ms)
  Rendering /Users/hayasakatakahiro/.rbenv/versions/2.3.1/lib/ruby/gems/2.3.0/gems/actionpack-5.0.7/lib/action_dispatch/middleware/templates/rescues/_trace.html.erb
  Rendered /Users/hayasakatakahiro/.rbenv/versions/2.3.1/lib/ruby/gems/2.3.0/gems/actionpack-5.0.7/lib/action_dispatch/middleware/templates/rescues/_trace.html.erb (2.9ms)
  Rendering /Users/hayasakatakahiro/.rbenv/versions/2.3.1/lib/ruby/gems/2.3.0/gems/actionpack-5.0.7/lib/action_dispatch/middleware/templates/rescues/_request_and_response.html.erb
  Rendered /Users/hayasakatakahiro/.rbenv/versions/2.3.1/lib/ruby/gems/2.3.0/gems/actionpack-5.0.7/lib/action_dispatch/middleware/templates/rescues/_request_and_response.html.erb (1.0ms)
  Rendered /Users/hayasakatakahiro/.rbenv/versions/2.3.1/lib/ruby/gems/2.3.0/gems/actionpack-5.0.7/lib/action_dispatch/middleware/templates/rescues/template_error.html.erb within rescues/layout (127.8ms)
Started GET "/" for 127.0.0.1 at 2018-09-02 02:26:03 +0900
Processing by MessagesController#index as HTML
  Rendering messages/index.html.haml within layouts/application
  Rendered messages/index.html.haml within layouts/application (3.1ms)
Completed 500 Internal Server Error in 9ms (ActiveRecord: 0.0ms)


  
ActionView::Template::Error (The line was indented 2 levels deeper than the previous line.):
    5:   %div.pagebody.crearfix
    6:     %div.pagebody__left
    7:       %div.pagebody__main
    8:           %div.pagefooter
    9:             %div.pagefooter_bar
  
app/views/messages/index.html.haml:8
  Rendering /Users/hayasakatakahiro/.rbenv/versions/2.3.1/lib/ruby/gems/2.3.0/gems/actionpack-5.0.7/lib/action_dispatch/middleware/templates/rescues/template_error.html.erb within rescues/layout
  Rendering /Users/hayasakatakahiro/.rbenv/versions/2.3.1/lib/ruby/gems/2.3.0/gems/actionpack-5.0.7/lib/action_dispatch/middleware/templates/rescues/_source.html.erb
  Rendered /Users/hayasakatakahiro/.rbenv/versions/2.3.1/lib/ruby/gems/2.3.0/gems/actionpack-5.0.7/lib/action_dispatch/middleware/templates/rescues/_source.html.erb (2.9ms)
  Rendering /Users/hayasakatakahiro/.rbenv/versions/2.3.1/lib/ruby/gems/2.3.0/gems/actionpack-5.0.7/lib/action_dispatch/middleware/templates/rescues/_trace.html.erb
  Rendered /Users/hayasakatakahiro/.rbenv/versions/2.3.1/lib/ruby/gems/2.3.0/gems/actionpack-5.0.7/lib/action_dispatch/middleware/templates/rescues/_trace.html.erb (1.5ms)
  Rendering /Users/hayasakatakahiro/.rbenv/versions/2.3.1/lib/ruby/gems/2.3.0/gems/actionpack-5.0.7/lib/action_dispatch/middleware/templates/rescues/_request_and_response.html.erb
  Rendered /Users/hayasakatakahiro/.rbenv/versions/2.3.1/lib/ruby/gems/2.3.0/gems/actionpack-5.0.7/lib/action_dispatch/middleware/templates/rescues/_request_and_response.html.erb (0.6ms)
  Rendered /Users/hayasakatakahiro/.rbenv/versions/2.3.1/lib/ruby/gems/2.3.0/gems/actionpack-5.0.7/lib/action_dispatch/middleware/templates/rescues/template_error.html.erb within rescues/layout (107.0ms)
Started GET "/" for 127.0.0.1 at 2018-09-02 02:26:17 +0900
Processing by MessagesController#index as HTML
  Rendering messages/index.html.haml within layouts/application
  Rendered messages/index.html.haml within layouts/application (2.3ms)
Completed 200 OK in 21ms (Views: 19.0ms | ActiveRecord: 0.0ms)


Started GET "/" for 127.0.0.1 at 2018-09-02 02:26:48 +0900
Processing by MessagesController#index as HTML
  Rendering messages/index.html.haml within layouts/application
  Rendered messages/index.html.haml within layouts/application (3.6ms)
Completed 200 OK in 59ms (Views: 56.5ms | ActiveRecord: 0.0ms)


Started GET "/" for 127.0.0.1 at 2018-09-02 02:27:04 +0900
Processing by MessagesController#index as HTML
  Rendering messages/index.html.haml within layouts/application
  Rendered messages/index.html.haml within layouts/application (2.3ms)
Completed 200 OK in 21ms (Views: 18.5ms | ActiveRecord: 0.0ms)


Started GET "/" for 127.0.0.1 at 2018-09-02 02:28:08 +0900
Processing by MessagesController#index as HTML
  Rendering messages/index.html.haml within layouts/application
  Rendered messages/index.html.haml within layouts/application (2.4ms)
Completed 200 OK in 53ms (Views: 50.2ms | ActiveRecord: 0.0ms)


Started GET "/" for 127.0.0.1 at 2018-09-02 02:28:38 +0900
Processing by MessagesController#index as HTML
  Rendering messages/index.html.haml within layouts/application
  Rendered messages/index.html.haml within layouts/application (2.6ms)
Completed 200 OK in 21ms (Views: 18.8ms | ActiveRecord: 0.0ms)


Started GET "/" for 127.0.0.1 at 2018-09-02 02:29:00 +0900
Processing by MessagesController#index as HTML
  Rendering messages/index.html.haml within layouts/application
  Rendered messages/index.html.haml within layouts/application (1.9ms)
Completed 200 OK in 66ms (Views: 63.9ms | ActiveRecord: 0.0ms)


Started GET "/" for 127.0.0.1 at 2018-09-02 02:29:17 +0900
Processing by MessagesController#index as HTML
  Rendering messages/index.html.haml within layouts/application
  Rendered messages/index.html.haml within layouts/application (2.7ms)
Completed 200 OK in 59ms (Views: 55.7ms | ActiveRecord: 0.0ms)


Started GET "/" for 127.0.0.1 at 2018-09-02 02:30:10 +0900
Processing by MessagesController#index as HTML
  Rendering messages/index.html.haml within layouts/application
  Rendered messages/index.html.haml within layouts/application (2.2ms)
Completed 200 OK in 26ms (Views: 23.8ms | ActiveRecord: 0.0ms)


Started GET "/" for 127.0.0.1 at 2018-09-02 02:30:22 +0900
Processing by MessagesController#index as HTML
  Rendering messages/index.html.haml within layouts/application
  Rendered messages/index.html.haml within layouts/application (2.3ms)
Completed 200 OK in 20ms (Views: 18.7ms | ActiveRecord: 0.0ms)


Started GET "/" for 127.0.0.1 at 2018-09-02 02:30:40 +0900
Processing by MessagesController#index as HTML
  Rendering messages/index.html.haml within layouts/application
  Rendered messages/index.html.haml within layouts/application (3.0ms)
Completed 200 OK in 22ms (Views: 20.1ms | ActiveRecord: 0.0ms)


Started GET "/" for 127.0.0.1 at 2018-09-02 02:30:47 +0900
Processing by MessagesController#index as HTML
  Rendering messages/index.html.haml within layouts/application
  Rendered messages/index.html.haml within layouts/application (2.4ms)
Completed 200 OK in 30ms (Views: 27.9ms | ActiveRecord: 0.0ms)


Started GET "/" for 127.0.0.1 at 2018-09-02 02:30:56 +0900
Processing by MessagesController#index as HTML
  Rendering messages/index.html.haml within layouts/application
  Rendered messages/index.html.haml within layouts/application (2.0ms)
Completed 200 OK in 17ms (Views: 15.6ms | ActiveRecord: 0.0ms)


Started GET "/" for 127.0.0.1 at 2018-09-02 02:31:02 +0900
Processing by MessagesController#index as HTML
  Rendering messages/index.html.haml within layouts/application
  Rendered messages/index.html.haml within layouts/application (2.0ms)
Completed 200 OK in 18ms (Views: 16.6ms | ActiveRecord: 0.0ms)


Started GET "/" for 127.0.0.1 at 2018-09-02 02:31:24 +0900
Processing by MessagesController#index as HTML
  Rendering messages/index.html.haml within layouts/application
  Rendered messages/index.html.haml within layouts/application (2.0ms)
Completed 200 OK in 54ms (Views: 51.5ms | ActiveRecord: 0.0ms)


Started GET "/" for 127.0.0.1 at 2018-09-02 02:31:44 +0900
Processing by MessagesController#index as HTML
  Rendering messages/index.html.haml within layouts/application
  Rendered messages/index.html.haml within layouts/application (2.4ms)
Completed 200 OK in 53ms (Views: 51.4ms | ActiveRecord: 0.0ms)


Started GET "/" for 127.0.0.1 at 2018-09-02 02:42:26 +0900
Processing by MessagesController#index as HTML
  Rendering messages/index.html.haml within layouts/application
  Rendered messages/index.html.haml within layouts/application (3.1ms)
Completed 200 OK in 171ms (Views: 169.2ms | ActiveRecord: 0.0ms)


Started GET "/" for 127.0.0.1 at 2018-09-02 02:42:47 +0900
Processing by MessagesController#index as HTML
  Rendering messages/index.html.haml within layouts/application
  Rendered messages/index.html.haml within layouts/application (3.7ms)
Completed 200 OK in 50ms (Views: 48.4ms | ActiveRecord: 0.0ms)


